The system is: Linux - 6.2.9-1-default - x86_64
Compiling the C compiler identification source file "CMakeCCompilerId.c" succeeded.
Compiler: /usr/bin/cc 
Build flags: 
Id flags:  

The output was:
0


Compilation of the C compiler identification source "CMakeCCompilerId.c" produced "a.out"

The C compiler identification is GNU, found in "/home/Cyborg/Documents/GitHub/Dungeon_Quest/cmake-build-debug/CMakeFiles/3.25.2/CompilerIdC/a.out"

Compiling the CXX compiler identification source file "CMakeCXXCompilerId.cpp" succeeded.
Compiler: /usr/bin/g++ 
Build flags: 
Id flags:  

The output was:
0


Compilation of the CXX compiler identification source "CMakeCXXCompilerId.cpp" produced "a.out"

The CXX compiler identification is GNU, found in "/home/Cyborg/Documents/GitHub/Dungeon_Quest/cmake-build-debug/CMakeFiles/3.25.2/CompilerIdCXX/a.out"

Detecting C compiler ABI info compiled with the following output:
Change Dir: /home/Cyborg/Documents/GitHub/Dungeon_Quest/cmake-build-debug/CMakeFiles/CMakeScratch/TryCompile-eyOx3f

Run Build Command(s):/usr/bin/gmake -f Makefile cmTC_f9c23/fast && /usr/bin/gmake  -f CMakeFiles/cmTC_f9c23.dir/build.make CMakeFiles/cmTC_f9c23.dir/build
gmake[1]: Entering directory '/home/Cyborg/Documents/GitHub/Dungeon_Quest/cmake-build-debug/CMakeFiles/CMakeScratch/TryCompile-eyOx3f'
Building C object CMakeFiles/cmTC_f9c23.dir/CMakeCCompilerABI.c.o
/usr/bin/cc   -fdiagnostics-color=always   -v -o CMakeFiles/cmTC_f9c23.dir/CMakeCCompilerABI.c.o -c /home/Cyborg/.local/share/JetBrains/Toolbox/apps/CLion/ch-0/231.8109.174/bin/cmake/linux/x64/share/cmake-3.25/Modules/CMakeCCompilerABI.c
Using built-in specs.
COLLECT_GCC=/usr/bin/cc
OFFLOAD_TARGET_NAMES=nvptx-none:amdgcn-amdhsa
OFFLOAD_TARGET_DEFAULT=1
Target: x86_64-suse-linux
Configured with: ../configure --prefix=/usr --infodir=/usr/share/info --mandir=/usr/share/man --libdir=/usr/lib64 --libexecdir=/usr/lib64 --enable-languages=c,c++,objc,fortran,obj-c++,ada,go,d,jit,rust,m2 --enable-offload-targets=nvptx-none,amdgcn-amdhsa, --enable-offload-defaulted --without-cuda-driver --enable-host-shared --enable-checking=release --disable-werror --with-gxx-include-dir=/usr/include/c++/13 --with-libstdcxx-zoneinfo=/usr/share/zoneinfo --enable-ssp --disable-libssp --disable-libvtv --enable-cet=auto --disable-libcc1 --enable-plugin --with-bugurl=https://bugs.opensuse.org/ --with-pkgversion='SUSE Linux' --with-slibdir=/lib64 --with-system-zlib --enable-libstdcxx-allocator=new --disable-libstdcxx-pch --enable-libphobos --enable-version-specific-runtime-libs --with-gcc-major-version-only --enable-linker-build-id --enable-linux-futex --enable-gnu-indirect-function --program-suffix=-13 --without-system-libunwind --enable-multilib --with-arch-32=x86-64 --with-tune=generic --with-build-config=bootstrap-lto-lean --enable-link-mutex --build=x86_64-suse-linux --host=x86_64-suse-linux
Thread model: posix
Supported LTO compression algorithms: zlib zstd
gcc version 13.0.1 20230314 (experimental) [revision 42630fadbe248717859d61c0244c821c32b4e52c] (SUSE Linux) 
COLLECT_GCC_OPTIONS='-fdiagnostics-color=always' '-v' '-o' 'CMakeFiles/cmTC_f9c23.dir/CMakeCCompilerABI.c.o' '-c' '-mtune=generic' '-march=x86-64' '-dumpdir' 'CMakeFiles/cmTC_f9c23.dir/'
 /usr/lib64/gcc/x86_64-suse-linux/13/cc1 -quiet -v /home/Cyborg/.local/share/JetBrains/Toolbox/apps/CLion/ch-0/231.8109.174/bin/cmake/linux/x64/share/cmake-3.25/Modules/CMakeCCompilerABI.c -quiet -dumpdir CMakeFiles/cmTC_f9c23.dir/ -dumpbase CMakeCCompilerABI.c.c -dumpbase-ext .c -mtune=generic -march=x86-64 -version -fdiagnostics-color=always -o /tmp/ccKa3WTN.s
GNU C17 (SUSE Linux) version 13.0.1 20230314 (experimental) [revision 42630fadbe248717859d61c0244c821c32b4e52c] (x86_64-suse-linux)
	compiled by GNU C version 13.0.1 20230314 (experimental) [revision 42630fadbe248717859d61c0244c821c32b4e52c], GMP version 6.2.1, MPFR version 4.2.0, MPC version 1.3.1, isl version isl-0.25-GMP

GGC heuristics: --param ggc-min-expand=100 --param ggc-min-heapsize=131072
#include "..." search starts here:
#include <...> search starts here:
 /usr/lib64/gcc/x86_64-suse-linux/13/include
 /usr/local/include
 /usr/lib64/gcc/x86_64-suse-linux/13/include-fixed
 /usr/lib64/gcc/x86_64-suse-linux/13/../../../../x86_64-suse-linux/include
 /usr/include
End of search list.
Compiler executable checksum: 00000000000000000000000000000000
COLLECT_GCC_OPTIONS='-fdiagnostics-color=always' '-v' '-o' 'CMakeFiles/cmTC_f9c23.dir/CMakeCCompilerABI.c.o' '-c' '-mtune=generic' '-march=x86-64' '-dumpdir' 'CMakeFiles/cmTC_f9c23.dir/'
 /usr/lib64/gcc/x86_64-suse-linux/13/../../../../x86_64-suse-linux/bin/as -v --64 -o CMakeFiles/cmTC_f9c23.dir/CMakeCCompilerABI.c.o /tmp/ccKa3WTN.s
GNU assembler version 2.40 (x86_64-suse-linux) using BFD version (GNU Binutils; openSUSE Tumbleweed) 2.40.20230127-3
COMPILER_PATH=/usr/lib64/gcc/x86_64-suse-linux/13/:/usr/lib64/gcc/x86_64-suse-linux/13/:/usr/lib64/gcc/x86_64-suse-linux/:/usr/lib64/gcc/x86_64-suse-linux/13/:/usr/lib64/gcc/x86_64-suse-linux/:/usr/lib64/gcc/x86_64-suse-linux/13/../../../../x86_64-suse-linux/bin/
LIBRARY_PATH=/usr/lib64/gcc/x86_64-suse-linux/13/:/usr/lib64/gcc/x86_64-suse-linux/13/../../../../lib64/:/lib/../lib64/:/usr/lib/../lib64/:/usr/lib64/gcc/x86_64-suse-linux/13/../../../../x86_64-suse-linux/lib/:/usr/lib64/gcc/x86_64-suse-linux/13/../../../:/lib/:/usr/lib/
COLLECT_GCC_OPTIONS='-fdiagnostics-color=always' '-v' '-o' 'CMakeFiles/cmTC_f9c23.dir/CMakeCCompilerABI.c.o' '-c' '-mtune=generic' '-march=x86-64' '-dumpdir' 'CMakeFiles/cmTC_f9c23.dir/CMakeCCompilerABI.c.'
Linking C executable cmTC_f9c23
/home/Cyborg/.local/share/JetBrains/Toolbox/apps/CLion/ch-0/231.8109.174/bin/cmake/linux/x64/bin/cmake -E cmake_link_script CMakeFiles/cmTC_f9c23.dir/link.txt --verbose=1
/usr/bin/cc  -v CMakeFiles/cmTC_f9c23.dir/CMakeCCompilerABI.c.o -o cmTC_f9c23 
Using built-in specs.
COLLECT_GCC=/usr/bin/cc
COLLECT_LTO_WRAPPER=/usr/lib64/gcc/x86_64-suse-linux/13/lto-wrapper
OFFLOAD_TARGET_NAMES=nvptx-none:amdgcn-amdhsa
OFFLOAD_TARGET_DEFAULT=1
Target: x86_64-suse-linux
Configured with: ../configure --prefix=/usr --infodir=/usr/share/info --mandir=/usr/share/man --libdir=/usr/lib64 --libexecdir=/usr/lib64 --enable-languages=c,c++,objc,fortran,obj-c++,ada,go,d,jit,rust,m2 --enable-offload-targets=nvptx-none,amdgcn-amdhsa, --enable-offload-defaulted --without-cuda-driver --enable-host-shared --enable-checking=release --disable-werror --with-gxx-include-dir=/usr/include/c++/13 --with-libstdcxx-zoneinfo=/usr/share/zoneinfo --enable-ssp --disable-libssp --disable-libvtv --enable-cet=auto --disable-libcc1 --enable-plugin --with-bugurl=https://bugs.opensuse.org/ --with-pkgversion='SUSE Linux' --with-slibdir=/lib64 --with-system-zlib --enable-libstdcxx-allocator=new --disable-libstdcxx-pch --enable-libphobos --enable-version-specific-runtime-libs --with-gcc-major-version-only --enable-linker-build-id --enable-linux-futex --enable-gnu-indirect-function --program-suffix=-13 --without-system-libunwind --enable-multilib --with-arch-32=x86-64 --with-tune=generic --with-build-config=bootstrap-lto-lean --enable-link-mutex --build=x86_64-suse-linux --host=x86_64-suse-linux
Thread model: posix
Supported LTO compression algorithms: zlib zstd
gcc version 13.0.1 20230314 (experimental) [revision 42630fadbe248717859d61c0244c821c32b4e52c] (SUSE Linux) 
COMPILER_PATH=/usr/lib64/gcc/x86_64-suse-linux/13/:/usr/lib64/gcc/x86_64-suse-linux/13/:/usr/lib64/gcc/x86_64-suse-linux/:/usr/lib64/gcc/x86_64-suse-linux/13/:/usr/lib64/gcc/x86_64-suse-linux/:/usr/lib64/gcc/x86_64-suse-linux/13/../../../../x86_64-suse-linux/bin/
LIBRARY_PATH=/usr/lib64/gcc/x86_64-suse-linux/13/:/usr/lib64/gcc/x86_64-suse-linux/13/../../../../lib64/:/lib/../lib64/:/usr/lib/../lib64/:/usr/lib64/gcc/x86_64-suse-linux/13/../../../../x86_64-suse-linux/lib/:/usr/lib64/gcc/x86_64-suse-linux/13/../../../:/lib/:/usr/lib/
COLLECT_GCC_OPTIONS='-v' '-o' 'cmTC_f9c23' '-mtune=generic' '-march=x86-64' '-dumpdir' 'cmTC_f9c23.'
 /usr/lib64/gcc/x86_64-suse-linux/13/collect2 -plugin /usr/lib64/gcc/x86_64-suse-linux/13/liblto_plugin.so -plugin-opt=/usr/lib64/gcc/x86_64-suse-linux/13/lto-wrapper -plugin-opt=-fresolution=/tmp/cc9E2U1r.res -plugin-opt=-pass-through=-lgcc -plugin-opt=-pass-through=-lgcc_s -plugin-opt=-pass-through=-lc -plugin-opt=-pass-through=-lgcc -plugin-opt=-pass-through=-lgcc_s --build-id --eh-frame-hdr -m elf_x86_64 -dynamic-linker /lib64/ld-linux-x86-64.so.2 -o cmTC_f9c23 /usr/lib64/gcc/x86_64-suse-linux/13/../../../../lib64/crt1.o /usr/lib64/gcc/x86_64-suse-linux/13/../../../../lib64/crti.o /usr/lib64/gcc/x86_64-suse-linux/13/crtbegin.o -L/usr/lib64/gcc/x86_64-suse-linux/13 -L/usr/lib64/gcc/x86_64-suse-linux/13/../../../../lib64 -L/lib/../lib64 -L/usr/lib/../lib64 -L/usr/lib64/gcc/x86_64-suse-linux/13/../../../../x86_64-suse-linux/lib -L/usr/lib64/gcc/x86_64-suse-linux/13/../../.. CMakeFiles/cmTC_f9c23.dir/CMakeCCompilerABI.c.o -lgcc --push-state --as-needed -lgcc_s --pop-state -lc -lgcc --push-state --as-needed -lgcc_s --pop-state /usr/lib64/gcc/x86_64-suse-linux/13/crtend.o /usr/lib64/gcc/x86_64-suse-linux/13/../../../../lib64/crtn.o
COLLECT_GCC_OPTIONS='-v' '-o' 'cmTC_f9c23' '-mtune=generic' '-march=x86-64' '-dumpdir' 'cmTC_f9c23.'
gmake[1]: Leaving directory '/home/Cyborg/Documents/GitHub/Dungeon_Quest/cmake-build-debug/CMakeFiles/CMakeScratch/TryCompile-eyOx3f'



Parsed C implicit include dir info from above output: rv=done
  found start of include info
  found start of implicit include info
    add: [/usr/lib64/gcc/x86_64-suse-linux/13/include]
    add: [/usr/local/include]
    add: [/usr/lib64/gcc/x86_64-suse-linux/13/include-fixed]
    add: [/usr/lib64/gcc/x86_64-suse-linux/13/../../../../x86_64-suse-linux/include]
    add: [/usr/include]
  end of search list found
  collapse include dir [/usr/lib64/gcc/x86_64-suse-linux/13/include] ==> [/usr/lib64/gcc/x86_64-suse-linux/13/include]
  collapse include dir [/usr/local/include] ==> [/usr/local/include]
  collapse include dir [/usr/lib64/gcc/x86_64-suse-linux/13/include-fixed] ==> [/usr/lib64/gcc/x86_64-suse-linux/13/include-fixed]
  collapse include dir [/usr/lib64/gcc/x86_64-suse-linux/13/../../../../x86_64-suse-linux/include] ==> [/usr/x86_64-suse-linux/include]
  collapse include dir [/usr/include] ==> [/usr/include]
  implicit include dirs: [/usr/lib64/gcc/x86_64-suse-linux/13/include;/usr/local/include;/usr/lib64/gcc/x86_64-suse-linux/13/include-fixed;/usr/x86_64-suse-linux/include;/usr/include]


Parsed C implicit link information from above output:
  link line regex: [^( *|.*[/\])(ld|CMAKE_LINK_STARTFILE-NOTFOUND|([^/\]+-)?ld|collect2)[^/\]*( |$)]
  ignore line: [Change Dir: /home/Cyborg/Documents/GitHub/Dungeon_Quest/cmake-build-debug/CMakeFiles/CMakeScratch/TryCompile-eyOx3f]
  ignore line: []
  ignore line: [Run Build Command(s):/usr/bin/gmake -f Makefile cmTC_f9c23/fast && /usr/bin/gmake  -f CMakeFiles/cmTC_f9c23.dir/build.make CMakeFiles/cmTC_f9c23.dir/build]
  ignore line: [gmake[1]: Entering directory '/home/Cyborg/Documents/GitHub/Dungeon_Quest/cmake-build-debug/CMakeFiles/CMakeScratch/TryCompile-eyOx3f']
  ignore line: [Building C object CMakeFiles/cmTC_f9c23.dir/CMakeCCompilerABI.c.o]
  ignore line: [/usr/bin/cc   -fdiagnostics-color=always   -v -o CMakeFiles/cmTC_f9c23.dir/CMakeCCompilerABI.c.o -c /home/Cyborg/.local/share/JetBrains/Toolbox/apps/CLion/ch-0/231.8109.174/bin/cmake/linux/x64/share/cmake-3.25/Modules/CMakeCCompilerABI.c]
  ignore line: [Using built-in specs.]
  ignore line: [COLLECT_GCC=/usr/bin/cc]
  ignore line: [OFFLOAD_TARGET_NAMES=nvptx-none:amdgcn-amdhsa]
  ignore line: [OFFLOAD_TARGET_DEFAULT=1]
  ignore line: [Target: x86_64-suse-linux]
  ignore line: [Configured with: ../configure --prefix=/usr --infodir=/usr/share/info --mandir=/usr/share/man --libdir=/usr/lib64 --libexecdir=/usr/lib64 --enable-languages=c c++ objc fortran obj-c++ ada go d jit rust m2 --enable-offload-targets=nvptx-none amdgcn-amdhsa  --enable-offload-defaulted --without-cuda-driver --enable-host-shared --enable-checking=release --disable-werror --with-gxx-include-dir=/usr/include/c++/13 --with-libstdcxx-zoneinfo=/usr/share/zoneinfo --enable-ssp --disable-libssp --disable-libvtv --enable-cet=auto --disable-libcc1 --enable-plugin --with-bugurl=https://bugs.opensuse.org/ --with-pkgversion='SUSE Linux' --with-slibdir=/lib64 --with-system-zlib --enable-libstdcxx-allocator=new --disable-libstdcxx-pch --enable-libphobos --enable-version-specific-runtime-libs --with-gcc-major-version-only --enable-linker-build-id --enable-linux-futex --enable-gnu-indirect-function --program-suffix=-13 --without-system-libunwind --enable-multilib --with-arch-32=x86-64 --with-tune=generic --with-build-config=bootstrap-lto-lean --enable-link-mutex --build=x86_64-suse-linux --host=x86_64-suse-linux]
  ignore line: [Thread model: posix]
  ignore line: [Supported LTO compression algorithms: zlib zstd]
  ignore line: [gcc version 13.0.1 20230314 (experimental) [revision 42630fadbe248717859d61c0244c821c32b4e52c] (SUSE Linux) ]
  ignore line: [COLLECT_GCC_OPTIONS='-fdiagnostics-color=always' '-v' '-o' 'CMakeFiles/cmTC_f9c23.dir/CMakeCCompilerABI.c.o' '-c' '-mtune=generic' '-march=x86-64' '-dumpdir' 'CMakeFiles/cmTC_f9c23.dir/']
  ignore line: [ /usr/lib64/gcc/x86_64-suse-linux/13/cc1 -quiet -v /home/Cyborg/.local/share/JetBrains/Toolbox/apps/CLion/ch-0/231.8109.174/bin/cmake/linux/x64/share/cmake-3.25/Modules/CMakeCCompilerABI.c -quiet -dumpdir CMakeFiles/cmTC_f9c23.dir/ -dumpbase CMakeCCompilerABI.c.c -dumpbase-ext .c -mtune=generic -march=x86-64 -version -fdiagnostics-color=always -o /tmp/ccKa3WTN.s]
  ignore line: [GNU C17 (SUSE Linux) version 13.0.1 20230314 (experimental) [revision 42630fadbe248717859d61c0244c821c32b4e52c] (x86_64-suse-linux)]
  ignore line: [	compiled by GNU C version 13.0.1 20230314 (experimental) [revision 42630fadbe248717859d61c0244c821c32b4e52c]  GMP version 6.2.1  MPFR version 4.2.0  MPC version 1.3.1  isl version isl-0.25-GMP]
  ignore line: []
  ignore line: [GGC heuristics: --param ggc-min-expand=100 --param ggc-min-heapsize=131072]
  ignore line: [#include "..." search starts here:]
  ignore line: [#include <...> search starts here:]
  ignore line: [ /usr/lib64/gcc/x86_64-suse-linux/13/include]
  ignore line: [ /usr/local/include]
  ignore line: [ /usr/lib64/gcc/x86_64-suse-linux/13/include-fixed]
  ignore line: [ /usr/lib64/gcc/x86_64-suse-linux/13/../../../../x86_64-suse-linux/include]
  ignore line: [ /usr/include]
  ignore line: [End of search list.]
  ignore line: [Compiler executable checksum: 00000000000000000000000000000000]
  ignore line: [COLLECT_GCC_OPTIONS='-fdiagnostics-color=always' '-v' '-o' 'CMakeFiles/cmTC_f9c23.dir/CMakeCCompilerABI.c.o' '-c' '-mtune=generic' '-march=x86-64' '-dumpdir' 'CMakeFiles/cmTC_f9c23.dir/']
  ignore line: [ /usr/lib64/gcc/x86_64-suse-linux/13/../../../../x86_64-suse-linux/bin/as -v --64 -o CMakeFiles/cmTC_f9c23.dir/CMakeCCompilerABI.c.o /tmp/ccKa3WTN.s]
  ignore line: [GNU assembler version 2.40 (x86_64-suse-linux) using BFD version (GNU Binutils]
  ignore line: [ openSUSE Tumbleweed) 2.40.20230127-3]
  ignore line: [COMPILER_PATH=/usr/lib64/gcc/x86_64-suse-linux/13/:/usr/lib64/gcc/x86_64-suse-linux/13/:/usr/lib64/gcc/x86_64-suse-linux/:/usr/lib64/gcc/x86_64-suse-linux/13/:/usr/lib64/gcc/x86_64-suse-linux/:/usr/lib64/gcc/x86_64-suse-linux/13/../../../../x86_64-suse-linux/bin/]
  ignore line: [LIBRARY_PATH=/usr/lib64/gcc/x86_64-suse-linux/13/:/usr/lib64/gcc/x86_64-suse-linux/13/../../../../lib64/:/lib/../lib64/:/usr/lib/../lib64/:/usr/lib64/gcc/x86_64-suse-linux/13/../../../../x86_64-suse-linux/lib/:/usr/lib64/gcc/x86_64-suse-linux/13/../../../:/lib/:/usr/lib/]
  ignore line: [COLLECT_GCC_OPTIONS='-fdiagnostics-color=always' '-v' '-o' 'CMakeFiles/cmTC_f9c23.dir/CMakeCCompilerABI.c.o' '-c' '-mtune=generic' '-march=x86-64' '-dumpdir' 'CMakeFiles/cmTC_f9c23.dir/CMakeCCompilerABI.c.']
  ignore line: [Linking C executable cmTC_f9c23]
  ignore line: [/home/Cyborg/.local/share/JetBrains/Toolbox/apps/CLion/ch-0/231.8109.174/bin/cmake/linux/x64/bin/cmake -E cmake_link_script CMakeFiles/cmTC_f9c23.dir/link.txt --verbose=1]
  ignore line: [/usr/bin/cc  -v CMakeFiles/cmTC_f9c23.dir/CMakeCCompilerABI.c.o -o cmTC_f9c23 ]
  ignore line: [Using built-in specs.]
  ignore line: [COLLECT_GCC=/usr/bin/cc]
  ignore line: [COLLECT_LTO_WRAPPER=/usr/lib64/gcc/x86_64-suse-linux/13/lto-wrapper]
  ignore line: [OFFLOAD_TARGET_NAMES=nvptx-none:amdgcn-amdhsa]
  ignore line: [OFFLOAD_TARGET_DEFAULT=1]
  ignore line: [Target: x86_64-suse-linux]
  ignore line: [Configured with: ../configure --prefix=/usr --infodir=/usr/share/info --mandir=/usr/share/man --libdir=/usr/lib64 --libexecdir=/usr/lib64 --enable-languages=c c++ objc fortran obj-c++ ada go d jit rust m2 --enable-offload-targets=nvptx-none amdgcn-amdhsa  --enable-offload-defaulted --without-cuda-driver --enable-host-shared --enable-checking=release --disable-werror --with-gxx-include-dir=/usr/include/c++/13 --with-libstdcxx-zoneinfo=/usr/share/zoneinfo --enable-ssp --disable-libssp --disable-libvtv --enable-cet=auto --disable-libcc1 --enable-plugin --with-bugurl=https://bugs.opensuse.org/ --with-pkgversion='SUSE Linux' --with-slibdir=/lib64 --with-system-zlib --enable-libstdcxx-allocator=new --disable-libstdcxx-pch --enable-libphobos --enable-version-specific-runtime-libs --with-gcc-major-version-only --enable-linker-build-id --enable-linux-futex --enable-gnu-indirect-function --program-suffix=-13 --without-system-libunwind --enable-multilib --with-arch-32=x86-64 --with-tune=generic --with-build-config=bootstrap-lto-lean --enable-link-mutex --build=x86_64-suse-linux --host=x86_64-suse-linux]
  ignore line: [Thread model: posix]
  ignore line: [Supported LTO compression algorithms: zlib zstd]
  ignore line: [gcc version 13.0.1 20230314 (experimental) [revision 42630fadbe248717859d61c0244c821c32b4e52c] (SUSE Linux) ]
  ignore line: [COMPILER_PATH=/usr/lib64/gcc/x86_64-suse-linux/13/:/usr/lib64/gcc/x86_64-suse-linux/13/:/usr/lib64/gcc/x86_64-suse-linux/:/usr/lib64/gcc/x86_64-suse-linux/13/:/usr/lib64/gcc/x86_64-suse-linux/:/usr/lib64/gcc/x86_64-suse-linux/13/../../../../x86_64-suse-linux/bin/]
  ignore line: [LIBRARY_PATH=/usr/lib64/gcc/x86_64-suse-linux/13/:/usr/lib64/gcc/x86_64-suse-linux/13/../../../../lib64/:/lib/../lib64/:/usr/lib/../lib64/:/usr/lib64/gcc/x86_64-suse-linux/13/../../../../x86_64-suse-linux/lib/:/usr/lib64/gcc/x86_64-suse-linux/13/../../../:/lib/:/usr/lib/]
  ignore line: [COLLECT_GCC_OPTIONS='-v' '-o' 'cmTC_f9c23' '-mtune=generic' '-march=x86-64' '-dumpdir' 'cmTC_f9c23.']
  link line: [ /usr/lib64/gcc/x86_64-suse-linux/13/collect2 -plugin /usr/lib64/gcc/x86_64-suse-linux/13/liblto_plugin.so -plugin-opt=/usr/lib64/gcc/x86_64-suse-linux/13/lto-wrapper -plugin-opt=-fresolution=/tmp/cc9E2U1r.res -plugin-opt=-pass-through=-lgcc -plugin-opt=-pass-through=-lgcc_s -plugin-opt=-pass-through=-lc -plugin-opt=-pass-through=-lgcc -plugin-opt=-pass-through=-lgcc_s --build-id --eh-frame-hdr -m elf_x86_64 -dynamic-linker /lib64/ld-linux-x86-64.so.2 -o cmTC_f9c23 /usr/lib64/gcc/x86_64-suse-linux/13/../../../../lib64/crt1.o /usr/lib64/gcc/x86_64-suse-linux/13/../../../../lib64/crti.o /usr/lib64/gcc/x86_64-suse-linux/13/crtbegin.o -L/usr/lib64/gcc/x86_64-suse-linux/13 -L/usr/lib64/gcc/x86_64-suse-linux/13/../../../../lib64 -L/lib/../lib64 -L/usr/lib/../lib64 -L/usr/lib64/gcc/x86_64-suse-linux/13/../../../../x86_64-suse-linux/lib -L/usr/lib64/gcc/x86_64-suse-linux/13/../../.. CMakeFiles/cmTC_f9c23.dir/CMakeCCompilerABI.c.o -lgcc --push-state --as-needed -lgcc_s --pop-state -lc -lgcc --push-state --as-needed -lgcc_s --pop-state /usr/lib64/gcc/x86_64-suse-linux/13/crtend.o /usr/lib64/gcc/x86_64-suse-linux/13/../../../../lib64/crtn.o]
    arg [/usr/lib64/gcc/x86_64-suse-linux/13/collect2] ==> ignore
    arg [-plugin] ==> ignore
    arg [/usr/lib64/gcc/x86_64-suse-linux/13/liblto_plugin.so] ==> ignore
    arg [-plugin-opt=/usr/lib64/gcc/x86_64-suse-linux/13/lto-wrapper] ==> ignore
    arg [-plugin-opt=-fresolution=/tmp/cc9E2U1r.res] ==> ignore
    arg [-plugin-opt=-pass-through=-lgcc] ==> ignore
    arg [-plugin-opt=-pass-through=-lgcc_s] ==> ignore
    arg [-plugin-opt=-pass-through=-lc] ==> ignore
    arg [-plugin-opt=-pass-through=-lgcc] ==> ignore
    arg [-plugin-opt=-pass-through=-lgcc_s] ==> ignore
    arg [--build-id] ==> ignore
    arg [--eh-frame-hdr] ==> ignore
    arg [-m] ==> ignore
    arg [elf_x86_64] ==> ignore
    arg [-dynamic-linker] ==> ignore
    arg [/lib64/ld-linux-x86-64.so.2] ==> ignore
    arg [-o] ==> ignore
    arg [cmTC_f9c23] ==> ignore
    arg [/usr/lib64/gcc/x86_64-suse-linux/13/../../../../lib64/crt1.o] ==> obj [/usr/lib64/gcc/x86_64-suse-linux/13/../../../../lib64/crt1.o]
    arg [/usr/lib64/gcc/x86_64-suse-linux/13/../../../../lib64/crti.o] ==> obj [/usr/lib64/gcc/x86_64-suse-linux/13/../../../../lib64/crti.o]
    arg [/usr/lib64/gcc/x86_64-suse-linux/13/crtbegin.o] ==> obj [/usr/lib64/gcc/x86_64-suse-linux/13/crtbegin.o]
    arg [-L/usr/lib64/gcc/x86_64-suse-linux/13] ==> dir [/usr/lib64/gcc/x86_64-suse-linux/13]
    arg [-L/usr/lib64/gcc/x86_64-suse-linux/13/../../../../lib64] ==> dir [/usr/lib64/gcc/x86_64-suse-linux/13/../../../../lib64]
    arg [-L/lib/../lib64] ==> dir [/lib/../lib64]
    arg [-L/usr/lib/../lib64] ==> dir [/usr/lib/../lib64]
    arg [-L/usr/lib64/gcc/x86_64-suse-linux/13/../../../../x86_64-suse-linux/lib] ==> dir [/usr/lib64/gcc/x86_64-suse-linux/13/../../../../x86_64-suse-linux/lib]
    arg [-L/usr/lib64/gcc/x86_64-suse-linux/13/../../..] ==> dir [/usr/lib64/gcc/x86_64-suse-linux/13/../../..]
    arg [CMakeFiles/cmTC_f9c23.dir/CMakeCCompilerABI.c.o] ==> ignore
    arg [-lgcc] ==> lib [gcc]
    arg [--push-state] ==> ignore
    arg [--as-needed] ==> ignore
    arg [-lgcc_s] ==> lib [gcc_s]
    arg [--pop-state] ==> ignore
    arg [-lc] ==> lib [c]
    arg [-lgcc] ==> lib [gcc]
    arg [--push-state] ==> ignore
    arg [--as-needed] ==> ignore
    arg [-lgcc_s] ==> lib [gcc_s]
    arg [--pop-state] ==> ignore
    arg [/usr/lib64/gcc/x86_64-suse-linux/13/crtend.o] ==> obj [/usr/lib64/gcc/x86_64-suse-linux/13/crtend.o]
    arg [/usr/lib64/gcc/x86_64-suse-linux/13/../../../../lib64/crtn.o] ==> obj [/usr/lib64/gcc/x86_64-suse-linux/13/../../../../lib64/crtn.o]
  collapse obj [/usr/lib64/gcc/x86_64-suse-linux/13/../../../../lib64/crt1.o] ==> [/usr/lib64/crt1.o]
  collapse obj [/usr/lib64/gcc/x86_64-suse-linux/13/../../../../lib64/crti.o] ==> [/usr/lib64/crti.o]
  collapse obj [/usr/lib64/gcc/x86_64-suse-linux/13/../../../../lib64/crtn.o] ==> [/usr/lib64/crtn.o]
  collapse library dir [/usr/lib64/gcc/x86_64-suse-linux/13] ==> [/usr/lib64/gcc/x86_64-suse-linux/13]
  collapse library dir [/usr/lib64/gcc/x86_64-suse-linux/13/../../../../lib64] ==> [/usr/lib64]
  collapse library dir [/lib/../lib64] ==> [/lib64]
  collapse library dir [/usr/lib/../lib64] ==> [/usr/lib64]
  collapse library dir [/usr/lib64/gcc/x86_64-suse-linux/13/../../../../x86_64-suse-linux/lib] ==> [/usr/x86_64-suse-linux/lib]
  collapse library dir [/usr/lib64/gcc/x86_64-suse-linux/13/../../..] ==> [/usr/lib64]
  implicit libs: [gcc;gcc_s;c;gcc;gcc_s]
  implicit objs: [/usr/lib64/crt1.o;/usr/lib64/crti.o;/usr/lib64/gcc/x86_64-suse-linux/13/crtbegin.o;/usr/lib64/gcc/x86_64-suse-linux/13/crtend.o;/usr/lib64/crtn.o]
  implicit dirs: [/usr/lib64/gcc/x86_64-suse-linux/13;/usr/lib64;/lib64;/usr/x86_64-suse-linux/lib]
  implicit fwks: []


Detecting CXX compiler ABI info compiled with the following output:
Change Dir: /home/Cyborg/Documents/GitHub/Dungeon_Quest/cmake-build-debug/CMakeFiles/CMakeScratch/TryCompile-nYnLvX

Run Build Command(s):/usr/bin/gmake -f Makefile cmTC_3fc69/fast && /usr/bin/gmake  -f CMakeFiles/cmTC_3fc69.dir/build.make CMakeFiles/cmTC_3fc69.dir/build
gmake[1]: Entering directory '/home/Cyborg/Documents/GitHub/Dungeon_Quest/cmake-build-debug/CMakeFiles/CMakeScratch/TryCompile-nYnLvX'
Building CXX object CMakeFiles/cmTC_3fc69.dir/CMakeCXXCompilerABI.cpp.o
/usr/bin/g++   -fdiagnostics-color=always   -v -o CMakeFiles/cmTC_3fc69.dir/CMakeCXXCompilerABI.cpp.o -c /home/Cyborg/.local/share/JetBrains/Toolbox/apps/CLion/ch-0/231.8109.174/bin/cmake/linux/x64/share/cmake-3.25/Modules/CMakeCXXCompilerABI.cpp
Using built-in specs.
COLLECT_GCC=/usr/bin/g++
OFFLOAD_TARGET_NAMES=nvptx-none:amdgcn-amdhsa
OFFLOAD_TARGET_DEFAULT=1
Target: x86_64-suse-linux
Configured with: ../configure --prefix=/usr --infodir=/usr/share/info --mandir=/usr/share/man --libdir=/usr/lib64 --libexecdir=/usr/lib64 --enable-languages=c,c++,objc,fortran,obj-c++,ada,go,d,jit,rust,m2 --enable-offload-targets=nvptx-none,amdgcn-amdhsa, --enable-offload-defaulted --without-cuda-driver --enable-host-shared --enable-checking=release --disable-werror --with-gxx-include-dir=/usr/include/c++/13 --with-libstdcxx-zoneinfo=/usr/share/zoneinfo --enable-ssp --disable-libssp --disable-libvtv --enable-cet=auto --disable-libcc1 --enable-plugin --with-bugurl=https://bugs.opensuse.org/ --with-pkgversion='SUSE Linux' --with-slibdir=/lib64 --with-system-zlib --enable-libstdcxx-allocator=new --disable-libstdcxx-pch --enable-libphobos --enable-version-specific-runtime-libs --with-gcc-major-version-only --enable-linker-build-id --enable-linux-futex --enable-gnu-indirect-function --program-suffix=-13 --without-system-libunwind --enable-multilib --with-arch-32=x86-64 --with-tune=generic --with-build-config=bootstrap-lto-lean --enable-link-mutex --build=x86_64-suse-linux --host=x86_64-suse-linux
Thread model: posix
Supported LTO compression algorithms: zlib zstd
gcc version 13.0.1 20230314 (experimental) [revision 42630fadbe248717859d61c0244c821c32b4e52c] (SUSE Linux) 
COLLECT_GCC_OPTIONS='-fdiagnostics-color=always' '-v' '-o' 'CMakeFiles/cmTC_3fc69.dir/CMakeCXXCompilerABI.cpp.o' '-c' '-shared-libgcc' '-mtune=generic' '-march=x86-64' '-dumpdir' 'CMakeFiles/cmTC_3fc69.dir/'
 /usr/lib64/gcc/x86_64-suse-linux/13/cc1plus -quiet -v -D_GNU_SOURCE /home/Cyborg/.local/share/JetBrains/Toolbox/apps/CLion/ch-0/231.8109.174/bin/cmake/linux/x64/share/cmake-3.25/Modules/CMakeCXXCompilerABI.cpp -quiet -dumpdir CMakeFiles/cmTC_3fc69.dir/ -dumpbase CMakeCXXCompilerABI.cpp.cpp -dumpbase-ext .cpp -mtune=generic -march=x86-64 -version -fdiagnostics-color=always -o /tmp/ccImQHzY.s
GNU C++17 (SUSE Linux) version 13.0.1 20230314 (experimental) [revision 42630fadbe248717859d61c0244c821c32b4e52c] (x86_64-suse-linux)
	compiled by GNU C version 13.0.1 20230314 (experimental) [revision 42630fadbe248717859d61c0244c821c32b4e52c], GMP version 6.2.1, MPFR version 4.2.0, MPC version 1.3.1, isl version isl-0.25-GMP

GGC heuristics: --param ggc-min-expand=100 --param ggc-min-heapsize=131072
#include "..." search starts here:
#include <...> search starts here:
 /usr/include/c++/13
 /usr/include/c++/13/x86_64-suse-linux
 /usr/include/c++/13/backward
 /usr/lib64/gcc/x86_64-suse-linux/13/include
 /usr/local/include
 /usr/lib64/gcc/x86_64-suse-linux/13/include-fixed
 /usr/lib64/gcc/x86_64-suse-linux/13/../../../../x86_64-suse-linux/include
 /usr/include
End of search list.
Compiler executable checksum: 00000000000000000000000000000000
COLLECT_GCC_OPTIONS='-fdiagnostics-color=always' '-v' '-o' 'CMakeFiles/cmTC_3fc69.dir/CMakeCXXCompilerABI.cpp.o' '-c' '-shared-libgcc' '-mtune=generic' '-march=x86-64' '-dumpdir' 'CMakeFiles/cmTC_3fc69.dir/'
 /usr/lib64/gcc/x86_64-suse-linux/13/../../../../x86_64-suse-linux/bin/as -v --64 -o CMakeFiles/cmTC_3fc69.dir/CMakeCXXCompilerABI.cpp.o /tmp/ccImQHzY.s
GNU assembler version 2.40 (x86_64-suse-linux) using BFD version (GNU Binutils; openSUSE Tumbleweed) 2.40.20230127-3
COMPILER_PATH=/usr/lib64/gcc/x86_64-suse-linux/13/:/usr/lib64/gcc/x86_64-suse-linux/13/:/usr/lib64/gcc/x86_64-suse-linux/:/usr/lib64/gcc/x86_64-suse-linux/13/:/usr/lib64/gcc/x86_64-suse-linux/:/usr/lib64/gcc/x86_64-suse-linux/13/../../../../x86_64-suse-linux/bin/
LIBRARY_PATH=/usr/lib64/gcc/x86_64-suse-linux/13/:/usr/lib64/gcc/x86_64-suse-linux/13/../../../../lib64/:/lib/../lib64/:/usr/lib/../lib64/:/usr/lib64/gcc/x86_64-suse-linux/13/../../../../x86_64-suse-linux/lib/:/usr/lib64/gcc/x86_64-suse-linux/13/../../../:/lib/:/usr/lib/
COLLECT_GCC_OPTIONS='-fdiagnostics-color=always' '-v' '-o' 'CMakeFiles/cmTC_3fc69.dir/CMakeCXXCompilerABI.cpp.o' '-c' '-shared-libgcc' '-mtune=generic' '-march=x86-64' '-dumpdir' 'CMakeFiles/cmTC_3fc69.dir/CMakeCXXCompilerABI.cpp.'
Linking CXX executable cmTC_3fc69
/home/Cyborg/.local/share/JetBrains/Toolbox/apps/CLion/ch-0/231.8109.174/bin/cmake/linux/x64/bin/cmake -E cmake_link_script CMakeFiles/cmTC_3fc69.dir/link.txt --verbose=1
/usr/bin/g++  -v CMakeFiles/cmTC_3fc69.dir/CMakeCXXCompilerABI.cpp.o -o cmTC_3fc69 
Using built-in specs.
COLLECT_GCC=/usr/bin/g++
COLLECT_LTO_WRAPPER=/usr/lib64/gcc/x86_64-suse-linux/13/lto-wrapper
OFFLOAD_TARGET_NAMES=nvptx-none:amdgcn-amdhsa
OFFLOAD_TARGET_DEFAULT=1
Target: x86_64-suse-linux
Configured with: ../configure --prefix=/usr --infodir=/usr/share/info --mandir=/usr/share/man --libdir=/usr/lib64 --libexecdir=/usr/lib64 --enable-languages=c,c++,objc,fortran,obj-c++,ada,go,d,jit,rust,m2 --enable-offload-targets=nvptx-none,amdgcn-amdhsa, --enable-offload-defaulted --without-cuda-driver --enable-host-shared --enable-checking=release --disable-werror --with-gxx-include-dir=/usr/include/c++/13 --with-libstdcxx-zoneinfo=/usr/share/zoneinfo --enable-ssp --disable-libssp --disable-libvtv --enable-cet=auto --disable-libcc1 --enable-plugin --with-bugurl=https://bugs.opensuse.org/ --with-pkgversion='SUSE Linux' --with-slibdir=/lib64 --with-system-zlib --enable-libstdcxx-allocator=new --disable-libstdcxx-pch --enable-libphobos --enable-version-specific-runtime-libs --with-gcc-major-version-only --enable-linker-build-id --enable-linux-futex --enable-gnu-indirect-function --program-suffix=-13 --without-system-libunwind --enable-multilib --with-arch-32=x86-64 --with-tune=generic --with-build-config=bootstrap-lto-lean --enable-link-mutex --build=x86_64-suse-linux --host=x86_64-suse-linux
Thread model: posix
Supported LTO compression algorithms: zlib zstd
gcc version 13.0.1 20230314 (experimental) [revision 42630fadbe248717859d61c0244c821c32b4e52c] (SUSE Linux) 
COMPILER_PATH=/usr/lib64/gcc/x86_64-suse-linux/13/:/usr/lib64/gcc/x86_64-suse-linux/13/:/usr/lib64/gcc/x86_64-suse-linux/:/usr/lib64/gcc/x86_64-suse-linux/13/:/usr/lib64/gcc/x86_64-suse-linux/:/usr/lib64/gcc/x86_64-suse-linux/13/../../../../x86_64-suse-linux/bin/
LIBRARY_PATH=/usr/lib64/gcc/x86_64-suse-linux/13/:/usr/lib64/gcc/x86_64-suse-linux/13/../../../../lib64/:/lib/../lib64/:/usr/lib/../lib64/:/usr/lib64/gcc/x86_64-suse-linux/13/../../../../x86_64-suse-linux/lib/:/usr/lib64/gcc/x86_64-suse-linux/13/../../../:/lib/:/usr/lib/
COLLECT_GCC_OPTIONS='-v' '-o' 'cmTC_3fc69' '-shared-libgcc' '-mtune=generic' '-march=x86-64' '-dumpdir' 'cmTC_3fc69.'
 /usr/lib64/gcc/x86_64-suse-linux/13/collect2 -plugin /usr/lib64/gcc/x86_64-suse-linux/13/liblto_plugin.so -plugin-opt=/usr/lib64/gcc/x86_64-suse-linux/13/lto-wrapper -plugin-opt=-fresolution=/tmp/ccacTf1U.res -plugin-opt=-pass-through=-lgcc_s -plugin-opt=-pass-through=-lgcc -plugin-opt=-pass-through=-lc -plugin-opt=-pass-through=-lgcc_s -plugin-opt=-pass-through=-lgcc --build-id --eh-frame-hdr -m elf_x86_64 -dynamic-linker /lib64/ld-linux-x86-64.so.2 -o cmTC_3fc69 /usr/lib64/gcc/x86_64-suse-linux/13/../../../../lib64/crt1.o /usr/lib64/gcc/x86_64-suse-linux/13/../../../../lib64/crti.o /usr/lib64/gcc/x86_64-suse-linux/13/crtbegin.o -L/usr/lib64/gcc/x86_64-suse-linux/13 -L/usr/lib64/gcc/x86_64-suse-linux/13/../../../../lib64 -L/lib/../lib64 -L/usr/lib/../lib64 -L/usr/lib64/gcc/x86_64-suse-linux/13/../../../../x86_64-suse-linux/lib -L/usr/lib64/gcc/x86_64-suse-linux/13/../../.. CMakeFiles/cmTC_3fc69.dir/CMakeCXXCompilerABI.cpp.o -lstdc++ -lm -lgcc_s -lgcc -lc -lgcc_s -lgcc /usr/lib64/gcc/x86_64-suse-linux/13/crtend.o /usr/lib64/gcc/x86_64-suse-linux/13/../../../../lib64/crtn.o
COLLECT_GCC_OPTIONS='-v' '-o' 'cmTC_3fc69' '-shared-libgcc' '-mtune=generic' '-march=x86-64' '-dumpdir' 'cmTC_3fc69.'
gmake[1]: Leaving directory '/home/Cyborg/Documents/GitHub/Dungeon_Quest/cmake-build-debug/CMakeFiles/CMakeScratch/TryCompile-nYnLvX'



Parsed CXX implicit include dir info from above output: rv=done
  found start of include info
  found start of implicit include info
    add: [/usr/include/c++/13]
    add: [/usr/include/c++/13/x86_64-suse-linux]
    add: [/usr/include/c++/13/backward]
    add: [/usr/lib64/gcc/x86_64-suse-linux/13/include]
    add: [/usr/local/include]
    add: [/usr/lib64/gcc/x86_64-suse-linux/13/include-fixed]
    add: [/usr/lib64/gcc/x86_64-suse-linux/13/../../../../x86_64-suse-linux/include]
    add: [/usr/include]
  end of search list found
  collapse include dir [/usr/include/c++/13] ==> [/usr/include/c++/13]
  collapse include dir [/usr/include/c++/13/x86_64-suse-linux] ==> [/usr/include/c++/13/x86_64-suse-linux]
  collapse include dir [/usr/include/c++/13/backward] ==> [/usr/include/c++/13/backward]
  collapse include dir [/usr/lib64/gcc/x86_64-suse-linux/13/include] ==> [/usr/lib64/gcc/x86_64-suse-linux/13/include]
  collapse include dir [/usr/local/include] ==> [/usr/local/include]
  collapse include dir [/usr/lib64/gcc/x86_64-suse-linux/13/include-fixed] ==> [/usr/lib64/gcc/x86_64-suse-linux/13/include-fixed]
  collapse include dir [/usr/lib64/gcc/x86_64-suse-linux/13/../../../../x86_64-suse-linux/include] ==> [/usr/x86_64-suse-linux/include]
  collapse include dir [/usr/include] ==> [/usr/include]
  implicit include dirs: [/usr/include/c++/13;/usr/include/c++/13/x86_64-suse-linux;/usr/include/c++/13/backward;/usr/lib64/gcc/x86_64-suse-linux/13/include;/usr/local/include;/usr/lib64/gcc/x86_64-suse-linux/13/include-fixed;/usr/x86_64-suse-linux/include;/usr/include]


Parsed CXX implicit link information from above output:
  link line regex: [^( *|.*[/\])(ld|CMAKE_LINK_STARTFILE-NOTFOUND|([^/\]+-)?ld|collect2)[^/\]*( |$)]
  ignore line: [Change Dir: /home/Cyborg/Documents/GitHub/Dungeon_Quest/cmake-build-debug/CMakeFiles/CMakeScratch/TryCompile-nYnLvX]
  ignore line: []
  ignore line: [Run Build Command(s):/usr/bin/gmake -f Makefile cmTC_3fc69/fast && /usr/bin/gmake  -f CMakeFiles/cmTC_3fc69.dir/build.make CMakeFiles/cmTC_3fc69.dir/build]
  ignore line: [gmake[1]: Entering directory '/home/Cyborg/Documents/GitHub/Dungeon_Quest/cmake-build-debug/CMakeFiles/CMakeScratch/TryCompile-nYnLvX']
  ignore line: [Building CXX object CMakeFiles/cmTC_3fc69.dir/CMakeCXXCompilerABI.cpp.o]
  ignore line: [/usr/bin/g++   -fdiagnostics-color=always   -v -o CMakeFiles/cmTC_3fc69.dir/CMakeCXXCompilerABI.cpp.o -c /home/Cyborg/.local/share/JetBrains/Toolbox/apps/CLion/ch-0/231.8109.174/bin/cmake/linux/x64/share/cmake-3.25/Modules/CMakeCXXCompilerABI.cpp]
  ignore line: [Using built-in specs.]
  ignore line: [COLLECT_GCC=/usr/bin/g++]
  ignore line: [OFFLOAD_TARGET_NAMES=nvptx-none:amdgcn-amdhsa]
  ignore line: [OFFLOAD_TARGET_DEFAULT=1]
  ignore line: [Target: x86_64-suse-linux]
  ignore line: [Configured with: ../configure --prefix=/usr --infodir=/usr/share/info --mandir=/usr/share/man --libdir=/usr/lib64 --libexecdir=/usr/lib64 --enable-languages=c c++ objc fortran obj-c++ ada go d jit rust m2 --enable-offload-targets=nvptx-none amdgcn-amdhsa  --enable-offload-defaulted --without-cuda-driver --enable-host-shared --enable-checking=release --disable-werror --with-gxx-include-dir=/usr/include/c++/13 --with-libstdcxx-zoneinfo=/usr/share/zoneinfo --enable-ssp --disable-libssp --disable-libvtv --enable-cet=auto --disable-libcc1 --enable-plugin --with-bugurl=https://bugs.opensuse.org/ --with-pkgversion='SUSE Linux' --with-slibdir=/lib64 --with-system-zlib --enable-libstdcxx-allocator=new --disable-libstdcxx-pch --enable-libphobos --enable-version-specific-runtime-libs --with-gcc-major-version-only --enable-linker-build-id --enable-linux-futex --enable-gnu-indirect-function --program-suffix=-13 --without-system-libunwind --enable-multilib --with-arch-32=x86-64 --with-tune=generic --with-build-config=bootstrap-lto-lean --enable-link-mutex --build=x86_64-suse-linux --host=x86_64-suse-linux]
  ignore line: [Thread model: posix]
  ignore line: [Supported LTO compression algorithms: zlib zstd]
  ignore line: [gcc version 13.0.1 20230314 (experimental) [revision 42630fadbe248717859d61c0244c821c32b4e52c] (SUSE Linux) ]
  ignore line: [COLLECT_GCC_OPTIONS='-fdiagnostics-color=always' '-v' '-o' 'CMakeFiles/cmTC_3fc69.dir/CMakeCXXCompilerABI.cpp.o' '-c' '-shared-libgcc' '-mtune=generic' '-march=x86-64' '-dumpdir' 'CMakeFiles/cmTC_3fc69.dir/']
  ignore line: [ /usr/lib64/gcc/x86_64-suse-linux/13/cc1plus -quiet -v -D_GNU_SOURCE /home/Cyborg/.local/share/JetBrains/Toolbox/apps/CLion/ch-0/231.8109.174/bin/cmake/linux/x64/share/cmake-3.25/Modules/CMakeCXXCompilerABI.cpp -quiet -dumpdir CMakeFiles/cmTC_3fc69.dir/ -dumpbase CMakeCXXCompilerABI.cpp.cpp -dumpbase-ext .cpp -mtune=generic -march=x86-64 -version -fdiagnostics-color=always -o /tmp/ccImQHzY.s]
  ignore line: [GNU C++17 (SUSE Linux) version 13.0.1 20230314 (experimental) [revision 42630fadbe248717859d61c0244c821c32b4e52c] (x86_64-suse-linux)]
  ignore line: [	compiled by GNU C version 13.0.1 20230314 (experimental) [revision 42630fadbe248717859d61c0244c821c32b4e52c]  GMP version 6.2.1  MPFR version 4.2.0  MPC version 1.3.1  isl version isl-0.25-GMP]
  ignore line: []
  ignore line: [GGC heuristics: --param ggc-min-expand=100 --param ggc-min-heapsize=131072]
  ignore line: [#include "..." search starts here:]
  ignore line: [#include <...> search starts here:]
  ignore line: [ /usr/include/c++/13]
  ignore line: [ /usr/include/c++/13/x86_64-suse-linux]
  ignore line: [ /usr/include/c++/13/backward]
  ignore line: [ /usr/lib64/gcc/x86_64-suse-linux/13/include]
  ignore line: [ /usr/local/include]
  ignore line: [ /usr/lib64/gcc/x86_64-suse-linux/13/include-fixed]
  ignore line: [ /usr/lib64/gcc/x86_64-suse-linux/13/../../../../x86_64-suse-linux/include]
  ignore line: [ /usr/include]
  ignore line: [End of search list.]
  ignore line: [Compiler executable checksum: 00000000000000000000000000000000]
  ignore line: [COLLECT_GCC_OPTIONS='-fdiagnostics-color=always' '-v' '-o' 'CMakeFiles/cmTC_3fc69.dir/CMakeCXXCompilerABI.cpp.o' '-c' '-shared-libgcc' '-mtune=generic' '-march=x86-64' '-dumpdir' 'CMakeFiles/cmTC_3fc69.dir/']
  ignore line: [ /usr/lib64/gcc/x86_64-suse-linux/13/../../../../x86_64-suse-linux/bin/as -v --64 -o CMakeFiles/cmTC_3fc69.dir/CMakeCXXCompilerABI.cpp.o /tmp/ccImQHzY.s]
  ignore line: [GNU assembler version 2.40 (x86_64-suse-linux) using BFD version (GNU Binutils]
  ignore line: [ openSUSE Tumbleweed) 2.40.20230127-3]
  ignore line: [COMPILER_PATH=/usr/lib64/gcc/x86_64-suse-linux/13/:/usr/lib64/gcc/x86_64-suse-linux/13/:/usr/lib64/gcc/x86_64-suse-linux/:/usr/lib64/gcc/x86_64-suse-linux/13/:/usr/lib64/gcc/x86_64-suse-linux/:/usr/lib64/gcc/x86_64-suse-linux/13/../../../../x86_64-suse-linux/bin/]
  ignore line: [LIBRARY_PATH=/usr/lib64/gcc/x86_64-suse-linux/13/:/usr/lib64/gcc/x86_64-suse-linux/13/../../../../lib64/:/lib/../lib64/:/usr/lib/../lib64/:/usr/lib64/gcc/x86_64-suse-linux/13/../../../../x86_64-suse-linux/lib/:/usr/lib64/gcc/x86_64-suse-linux/13/../../../:/lib/:/usr/lib/]
  ignore line: [COLLECT_GCC_OPTIONS='-fdiagnostics-color=always' '-v' '-o' 'CMakeFiles/cmTC_3fc69.dir/CMakeCXXCompilerABI.cpp.o' '-c' '-shared-libgcc' '-mtune=generic' '-march=x86-64' '-dumpdir' 'CMakeFiles/cmTC_3fc69.dir/CMakeCXXCompilerABI.cpp.']
  ignore line: [Linking CXX executable cmTC_3fc69]
  ignore line: [/home/Cyborg/.local/share/JetBrains/Toolbox/apps/CLion/ch-0/231.8109.174/bin/cmake/linux/x64/bin/cmake -E cmake_link_script CMakeFiles/cmTC_3fc69.dir/link.txt --verbose=1]
  ignore line: [/usr/bin/g++  -v CMakeFiles/cmTC_3fc69.dir/CMakeCXXCompilerABI.cpp.o -o cmTC_3fc69 ]
  ignore line: [Using built-in specs.]
  ignore line: [COLLECT_GCC=/usr/bin/g++]
  ignore line: [COLLECT_LTO_WRAPPER=/usr/lib64/gcc/x86_64-suse-linux/13/lto-wrapper]
  ignore line: [OFFLOAD_TARGET_NAMES=nvptx-none:amdgcn-amdhsa]
  ignore line: [OFFLOAD_TARGET_DEFAULT=1]
  ignore line: [Target: x86_64-suse-linux]
  ignore line: [Configured with: ../configure --prefix=/usr --infodir=/usr/share/info --mandir=/usr/share/man --libdir=/usr/lib64 --libexecdir=/usr/lib64 --enable-languages=c c++ objc fortran obj-c++ ada go d jit rust m2 --enable-offload-targets=nvptx-none amdgcn-amdhsa  --enable-offload-defaulted --without-cuda-driver --enable-host-shared --enable-checking=release --disable-werror --with-gxx-include-dir=/usr/include/c++/13 --with-libstdcxx-zoneinfo=/usr/share/zoneinfo --enable-ssp --disable-libssp --disable-libvtv --enable-cet=auto --disable-libcc1 --enable-plugin --with-bugurl=https://bugs.opensuse.org/ --with-pkgversion='SUSE Linux' --with-slibdir=/lib64 --with-system-zlib --enable-libstdcxx-allocator=new --disable-libstdcxx-pch --enable-libphobos --enable-version-specific-runtime-libs --with-gcc-major-version-only --enable-linker-build-id --enable-linux-futex --enable-gnu-indirect-function --program-suffix=-13 --without-system-libunwind --enable-multilib --with-arch-32=x86-64 --with-tune=generic --with-build-config=bootstrap-lto-lean --enable-link-mutex --build=x86_64-suse-linux --host=x86_64-suse-linux]
  ignore line: [Thread model: posix]
  ignore line: [Supported LTO compression algorithms: zlib zstd]
  ignore line: [gcc version 13.0.1 20230314 (experimental) [revision 42630fadbe248717859d61c0244c821c32b4e52c] (SUSE Linux) ]
  ignore line: [COMPILER_PATH=/usr/lib64/gcc/x86_64-suse-linux/13/:/usr/lib64/gcc/x86_64-suse-linux/13/:/usr/lib64/gcc/x86_64-suse-linux/:/usr/lib64/gcc/x86_64-suse-linux/13/:/usr/lib64/gcc/x86_64-suse-linux/:/usr/lib64/gcc/x86_64-suse-linux/13/../../../../x86_64-suse-linux/bin/]
  ignore line: [LIBRARY_PATH=/usr/lib64/gcc/x86_64-suse-linux/13/:/usr/lib64/gcc/x86_64-suse-linux/13/../../../../lib64/:/lib/../lib64/:/usr/lib/../lib64/:/usr/lib64/gcc/x86_64-suse-linux/13/../../../../x86_64-suse-linux/lib/:/usr/lib64/gcc/x86_64-suse-linux/13/../../../:/lib/:/usr/lib/]
  ignore line: [COLLECT_GCC_OPTIONS='-v' '-o' 'cmTC_3fc69' '-shared-libgcc' '-mtune=generic' '-march=x86-64' '-dumpdir' 'cmTC_3fc69.']
  link line: [ /usr/lib64/gcc/x86_64-suse-linux/13/collect2 -plugin /usr/lib64/gcc/x86_64-suse-linux/13/liblto_plugin.so -plugin-opt=/usr/lib64/gcc/x86_64-suse-linux/13/lto-wrapper -plugin-opt=-fresolution=/tmp/ccacTf1U.res -plugin-opt=-pass-through=-lgcc_s -plugin-opt=-pass-through=-lgcc -plugin-opt=-pass-through=-lc -plugin-opt=-pass-through=-lgcc_s -plugin-opt=-pass-through=-lgcc --build-id --eh-frame-hdr -m elf_x86_64 -dynamic-linker /lib64/ld-linux-x86-64.so.2 -o cmTC_3fc69 /usr/lib64/gcc/x86_64-suse-linux/13/../../../../lib64/crt1.o /usr/lib64/gcc/x86_64-suse-linux/13/../../../../lib64/crti.o /usr/lib64/gcc/x86_64-suse-linux/13/crtbegin.o -L/usr/lib64/gcc/x86_64-suse-linux/13 -L/usr/lib64/gcc/x86_64-suse-linux/13/../../../../lib64 -L/lib/../lib64 -L/usr/lib/../lib64 -L/usr/lib64/gcc/x86_64-suse-linux/13/../../../../x86_64-suse-linux/lib -L/usr/lib64/gcc/x86_64-suse-linux/13/../../.. CMakeFiles/cmTC_3fc69.dir/CMakeCXXCompilerABI.cpp.o -lstdc++ -lm -lgcc_s -lgcc -lc -lgcc_s -lgcc /usr/lib64/gcc/x86_64-suse-linux/13/crtend.o /usr/lib64/gcc/x86_64-suse-linux/13/../../../../lib64/crtn.o]
    arg [/usr/lib64/gcc/x86_64-suse-linux/13/collect2] ==> ignore
    arg [-plugin] ==> ignore
    arg [/usr/lib64/gcc/x86_64-suse-linux/13/liblto_plugin.so] ==> ignore
    arg [-plugin-opt=/usr/lib64/gcc/x86_64-suse-linux/13/lto-wrapper] ==> ignore
    arg [-plugin-opt=-fresolution=/tmp/ccacTf1U.res] ==> ignore
    arg [-plugin-opt=-pass-through=-lgcc_s] ==> ignore
    arg [-plugin-opt=-pass-through=-lgcc] ==> ignore
    arg [-plugin-opt=-pass-through=-lc] ==> ignore
    arg [-plugin-opt=-pass-through=-lgcc_s] ==> ignore
    arg [-plugin-opt=-pass-through=-lgcc] ==> ignore
    arg [--build-id] ==> ignore
    arg [--eh-frame-hdr] ==> ignore
    arg [-m] ==> ignore
    arg [elf_x86_64] ==> ignore
    arg [-dynamic-linker] ==> ignore
    arg [/lib64/ld-linux-x86-64.so.2] ==> ignore
    arg [-o] ==> ignore
    arg [cmTC_3fc69] ==> ignore
    arg [/usr/lib64/gcc/x86_64-suse-linux/13/../../../../lib64/crt1.o] ==> obj [/usr/lib64/gcc/x86_64-suse-linux/13/../../../../lib64/crt1.o]
    arg [/usr/lib64/gcc/x86_64-suse-linux/13/../../../../lib64/crti.o] ==> obj [/usr/lib64/gcc/x86_64-suse-linux/13/../../../../lib64/crti.o]
    arg [/usr/lib64/gcc/x86_64-suse-linux/13/crtbegin.o] ==> obj [/usr/lib64/gcc/x86_64-suse-linux/13/crtbegin.o]
    arg [-L/usr/lib64/gcc/x86_64-suse-linux/13] ==> dir [/usr/lib64/gcc/x86_64-suse-linux/13]
    arg [-L/usr/lib64/gcc/x86_64-suse-linux/13/../../../../lib64] ==> dir [/usr/lib64/gcc/x86_64-suse-linux/13/../../../../lib64]
    arg [-L/lib/../lib64] ==> dir [/lib/../lib64]
    arg [-L/usr/lib/../lib64] ==> dir [/usr/lib/../lib64]
    arg [-L/usr/lib64/gcc/x86_64-suse-linux/13/../../../../x86_64-suse-linux/lib] ==> dir [/usr/lib64/gcc/x86_64-suse-linux/13/../../../../x86_64-suse-linux/lib]
    arg [-L/usr/lib64/gcc/x86_64-suse-linux/13/../../..] ==> dir [/usr/lib64/gcc/x86_64-suse-linux/13/../../..]
    arg [CMakeFiles/cmTC_3fc69.dir/CMakeCXXCompilerABI.cpp.o] ==> ignore
    arg [-lstdc++] ==> lib [stdc++]
    arg [-lm] ==> lib [m]
    arg [-lgcc_s] ==> lib [gcc_s]
    arg [-lgcc] ==> lib [gcc]
    arg [-lc] ==> lib [c]
    arg [-lgcc_s] ==> lib [gcc_s]
    arg [-lgcc] ==> lib [gcc]
    arg [/usr/lib64/gcc/x86_64-suse-linux/13/crtend.o] ==> obj [/usr/lib64/gcc/x86_64-suse-linux/13/crtend.o]
    arg [/usr/lib64/gcc/x86_64-suse-linux/13/../../../../lib64/crtn.o] ==> obj [/usr/lib64/gcc/x86_64-suse-linux/13/../../../../lib64/crtn.o]
  collapse obj [/usr/lib64/gcc/x86_64-suse-linux/13/../../../../lib64/crt1.o] ==> [/usr/lib64/crt1.o]
  collapse obj [/usr/lib64/gcc/x86_64-suse-linux/13/../../../../lib64/crti.o] ==> [/usr/lib64/crti.o]
  collapse obj [/usr/lib64/gcc/x86_64-suse-linux/13/../../../../lib64/crtn.o] ==> [/usr/lib64/crtn.o]
  collapse library dir [/usr/lib64/gcc/x86_64-suse-linux/13] ==> [/usr/lib64/gcc/x86_64-suse-linux/13]
  collapse library dir [/usr/lib64/gcc/x86_64-suse-linux/13/../../../../lib64] ==> [/usr/lib64]
  collapse library dir [/lib/../lib64] ==> [/lib64]
  collapse library dir [/usr/lib/../lib64] ==> [/usr/lib64]
  collapse library dir [/usr/lib64/gcc/x86_64-suse-linux/13/../../../../x86_64-suse-linux/lib] ==> [/usr/x86_64-suse-linux/lib]
  collapse library dir [/usr/lib64/gcc/x86_64-suse-linux/13/../../..] ==> [/usr/lib64]
  implicit libs: [stdc++;m;gcc_s;gcc;c;gcc_s;gcc]
  implicit objs: [/usr/lib64/crt1.o;/usr/lib64/crti.o;/usr/lib64/gcc/x86_64-suse-linux/13/crtbegin.o;/usr/lib64/gcc/x86_64-suse-linux/13/crtend.o;/usr/lib64/crtn.o]
  implicit dirs: [/usr/lib64/gcc/x86_64-suse-linux/13;/usr/lib64;/lib64;/usr/x86_64-suse-linux/lib]
  implicit fwks: []


